Using pre-set license

 COMMAND LINE ARGUMENTS:
/Applications/Unity/Hub/Editor/2020.3.1f1/Unity.app/Contents/MacOS/Unity
-adb2
-batchMode
-noUpm
-name
AssetImportWorker16
-projectPath
/Users/dylanosterby/Documents/DylanMultiplayer 2/MultiPlayer
-logFile
Logs/AssetImportWorker16.log
-srvPort
59105
Successfully changed project path to: /Users/dylanosterby/Documents/DylanMultiplayer 2/MultiPlayer
/Users/dylanosterby/Documents/DylanMultiplayer 2/MultiPlayer
Using Asset Import Pipeline V2.
Refreshing native plugins compatible for Editor in 290.19 ms, found 1 plugins.
Preloading 0 native plugins for Editor in 0.00 ms.
Initialize engine version: 2020.3.1f1 (77a89f25062f)
[Subsystems] Discovering subsystems at path /Applications/Unity/Hub/Editor/2020.3.1f1/Unity.app/Contents/Resources/UnitySubsystems
[Subsystems] Discovering subsystems at path /Users/dylanosterby/Documents/DylanMultiplayer 2/MultiPlayer/Assets
GfxDevice: creating device client; threaded=0
2021-04-23 10:56:31.618 Unity[23428:11364573] iMac preferred device: AMD Radeon Pro 570 (high power)
2021-04-23 10:56:31.618 Unity[23428:11364573] Metal devices available: 1
2021-04-23 10:56:31.618 Unity[23428:11364573] 0: AMD Radeon Pro 570 (high power)
2021-04-23 10:56:31.618 Unity[23428:11364573] Using device AMD Radeon Pro 570 (high power)
Initializing Metal device caps: AMD Radeon Pro 570
Initialize mono
Mono path[0] = '/Applications/Unity/Hub/Editor/2020.3.1f1/Unity.app/Contents/Managed'
Mono path[1] = '/Applications/Unity/Hub/Editor/2020.3.1f1/Unity.app/Contents/MonoBleedingEdge/lib/mono/unityjit'
Mono config path = '/Applications/Unity/Hub/Editor/2020.3.1f1/Unity.app/Contents/MonoBleedingEdge/etc'
Using monoOptions --debugger-agent=transport=dt_socket,embedding=1,server=y,suspend=n,address=127.0.0.1:56428
Begin MonoManager ReloadAssembly
