Using pre-set license

 COMMAND LINE ARGUMENTS:
/Applications/Unity/Hub/Editor/2020.3.1f1/Unity.app/Contents/MacOS/Unity
-adb2
-batchMode
-noUpm
-name
AssetImportWorker14
-projectPath
/Users/dylanosterby/Documents/DylanMultiplayer 2/MultiPlayer
-logFile
Logs/AssetImportWorker14.log
-srvPort
59105
Successfully changed project path to: /Users/dylanosterby/Documents/DylanMultiplayer 2/MultiPlayer
/Users/dylanosterby/Documents/DylanMultiplayer 2/MultiPlayer
Using Asset Import Pipeline V2.
Refreshing native plugins compatible for Editor in 349.91 ms, found 1 plugins.
Preloading 0 native plugins for Editor in 0.00 ms.
Initialize engine version: 2020.3.1f1 (77a89f25062f)
[Subsystems] Discovering subsystems at path /Applications/Unity/Hub/Editor/2020.3.1f1/Unity.app/Contents/Resources/UnitySubsystems
[Subsystems] Discovering subsystems at path /Users/dylanosterby/Documents/DylanMultiplayer 2/MultiPlayer/Assets
GfxDevice: creating device client; threaded=0
2021-04-23 10:55:34.927 Unity[23014:11363301] iMac preferred device: AMD Radeon Pro 570 (high power)
2021-04-23 10:55:34.927 Unity[23014:11363301] Metal devices available: 1
2021-04-23 10:55:34.927 Unity[23014:11363301] 0: AMD Radeon Pro 570 (high power)
2021-04-23 10:55:34.927 Unity[23014:11363301] Using device AMD Radeon Pro 570 (high power)
Initializing Metal device caps: AMD Radeon Pro 570
